<?xml version="1.0" encoding="UTF-8"?>
<!-- Generated by org.testng.reporters.JUnitReportReporter -->
<testsuite hostname="MSI" failures="0" tests="2" name="com.romanceabroad.ui.MainPageTests" time="158.617" errors="0" timestamp="2021-04-13T18:22:44 GMT-05:00" skipped="0">
  <testcase classname="com.romanceabroad.ui.MainPageTests" name="testRegistration2" time="71.453"/>
  <system-out/>
  <testcase classname="com.romanceabroad.ui.MainPageTests" name="testRegistration2" time="87.164"/>
  <system-out/>
</testsuite> <!-- com.romanceabroad.ui.MainPageTests -->
