<?xml version="1.0" encoding="UTF-8"?>
<!-- Generated by org.testng.reporters.JUnitReportReporter -->
<testsuite skipped="0" hostname="MSI" name="com.romanceabroad.ui.GiftTests" tests="3" failures="0" timestamp="2021-04-08T19:41:12 GMT-05:00" time="39.310" errors="0">
  <testcase name="compareGiftTitlesWithOptions" time="13.266" classname="com.romanceabroad.ui.GiftTests"/>
  <system-out/>
  <testcase name="testLinkGiftsPage" time="10.523" classname="com.romanceabroad.ui.GiftTests"/>
  <system-out/>
  <testcase name="testValueOfTheListInFooterMenuGiftsPage" time="15.521" classname="com.romanceabroad.ui.GiftTests"/>
  <system-out/>
</testsuite> <!-- com.romanceabroad.ui.GiftTests -->
