<?xml version="1.0" encoding="UTF-8"?>
<!-- Generated by org.testng.reporters.JUnitReportReporter -->
<testsuite skipped="0" hostname="MSI" name="com.romanceabroad.ui.MainPageTests" tests="5" failures="0" timestamp="2021-04-08T19:41:12 GMT-05:00" time="65.506" errors="0">
  <testcase name="testSignIn" time="13.722" classname="com.romanceabroad.ui.MainPageTests"/>
  <system-out/>
  <testcase name="testRegistration" time="11.943" classname="com.romanceabroad.ui.MainPageTests"/>
  <system-out/>
  <testcase name="testRegistration" time="11.748" classname="com.romanceabroad.ui.MainPageTests"/>
  <system-out/>
  <testcase name="testRegistration" time="11.951" classname="com.romanceabroad.ui.MainPageTests"/>
  <system-out/>
  <testcase name="testRegistration2" time="16.142" classname="com.romanceabroad.ui.MainPageTests"/>
  <system-out/>
</testsuite> <!-- com.romanceabroad.ui.MainPageTests -->
