<?xml version="1.0" encoding="UTF-8"?>
<!-- Generated by org.testng.reporters.JUnitReportReporter -->
<testsuite skipped="1" hostname="MSI" name="com.romanceabroad.ui.PrettyWomenTests" tests="7" failures="0" timestamp="2021-04-08T19:41:12 GMT-05:00" time="78.661" errors="0">
  <testcase name="prettyWomenPageTestCase1" time="14.261" classname="com.romanceabroad.ui.PrettyWomenTests"/>
  <system-out/>
  <testcase name="prettyWomenWebPageCase2" time="10.902" classname="com.romanceabroad.ui.PrettyWomenTests"/>
  <system-out/>
  <testcase name="searchDifferentResults4" time="13.058" classname="com.romanceabroad.ui.PrettyWomenTests"/>
  <system-out/>
  <testcase name="searchDifferentResults4" time="13.386" classname="com.romanceabroad.ui.PrettyWomenTests"/>
  <system-out/>
  <testcase name="searchDifferentResults4" time="16.757" classname="com.romanceabroad.ui.PrettyWomenTests"/>
  <system-out/>
  <testcase name="searchDifferentResults4" time="10.297" classname="com.romanceabroad.ui.PrettyWomenTests"/>
  <system-out/>
  <testcase name="selectRandomDropDownListCase3" classname="com.romanceabroad.ui.PrettyWomenTests">
    <skipped/>
  </testcase> <!-- selectRandomDropDownListCase3 -->
  <system-out/>
</testsuite> <!-- com.romanceabroad.ui.PrettyWomenTests -->
