<?xml version="1.0" encoding="UTF-8"?>
<!-- Generated by org.testng.reporters.JUnitReportReporter -->
<testsuite skipped="0" hostname="MSI" name="com.romanceabroad.ui.PhotosTests" tests="2" failures="0" timestamp="2021-04-08T19:41:12 GMT-05:00" time="38.270" errors="0">
  <testcase name="testMediaPage" time="15.827" classname="com.romanceabroad.ui.PhotosTests"/>
  <system-out/>
  <testcase name="testGalleriesTabs" time="22.443" classname="com.romanceabroad.ui.PhotosTests"/>
  <system-out/>
</testsuite> <!-- com.romanceabroad.ui.PhotosTests -->
