<?xml version="1.0" encoding="UTF-8"?>
<!-- Generated by org.testng.reporters.JUnitReportReporter -->
<testsuite skipped="0" hostname="MSI" name="com.romanceabroad.ui.HowWeWorkTest" tests="1" failures="0" timestamp="2021-04-08T19:41:12 GMT-05:00" time="23.063" errors="0">
  <testcase name="testArticlesAndTitles" time="23.063" classname="com.romanceabroad.ui.HowWeWorkTest"/>
  <system-out/>
</testsuite> <!-- com.romanceabroad.ui.HowWeWorkTest -->
