<?xml version="1.0" encoding="UTF-8"?>
<!-- Generated by org.testng.reporters.JUnitReportReporter -->
<testsuite skipped="0" hostname="MSI" name="com.romanceabroad.ui.BlogTest" tests="1" failures="0" timestamp="2021-04-08T19:41:12 GMT-05:00" time="14.644" errors="0">
  <testcase name="testBlog" time="14.644" classname="com.romanceabroad.ui.BlogTest"/>
  <system-out/>
</testsuite> <!-- com.romanceabroad.ui.BlogTest -->
