<?xml version="1.0" encoding="UTF-8"?>
<!-- Generated by org.testng.reporters.JUnitReportReporter -->
<testsuite hostname="MSI" failures="0" tests="2" name="com.romanceabroad.ui.MainPageTests" time="171.758" errors="0" timestamp="2021-04-13T18:37:39 GMT-05:00" skipped="0">
  <testcase classname="com.romanceabroad.ui.MainPageTests" name="testRegistration2" time="85.391"/>
  <system-out/>
  <testcase classname="com.romanceabroad.ui.MainPageTests" name="testRegistration2" time="86.367"/>
  <system-out/>
</testsuite> <!-- com.romanceabroad.ui.MainPageTests -->
