<?xml version="1.0" encoding="UTF-8"?>
<!-- Generated by org.testng.reporters.JUnitReportReporter -->
<testsuite skipped="0" hostname="MSI" name="com.romanceabroad.ui.GiftTests" tests="3" failures="0" timestamp="2021-04-07T13:55:50 GMT-05:00" time="45.045" errors="0">
  <testcase name="testValueOfTheListInFooterMenuGiftsPage" time="14.897" classname="com.romanceabroad.ui.GiftTests"/>
  <system-out/>
  <testcase name="testLinkGiftsPage" time="13.173" classname="com.romanceabroad.ui.GiftTests"/>
  <system-out/>
  <testcase name="compareGiftTitlesWithOptions" time="16.975" classname="com.romanceabroad.ui.GiftTests"/>
  <system-out/>
</testsuite> <!-- com.romanceabroad.ui.GiftTests -->
