<?xml version="1.0" encoding="UTF-8"?>
<!-- Generated by org.testng.reporters.JUnitReportReporter -->
<testsuite skipped="0" hostname="MSI" name="com.romanceabroad.ui.MainPageTests" tests="5" failures="0" timestamp="2021-04-07T13:55:50 GMT-05:00" time="89.466" errors="0">
  <testcase name="testRegistration2" time="16.221" classname="com.romanceabroad.ui.MainPageTests"/>
  <system-out/>
  <testcase name="testSignIn" time="15.803" classname="com.romanceabroad.ui.MainPageTests"/>
  <system-out/>
  <testcase name="testRegistration" time="19.695" classname="com.romanceabroad.ui.MainPageTests"/>
  <system-out/>
  <testcase name="testRegistration" time="16.640" classname="com.romanceabroad.ui.MainPageTests"/>
  <system-out/>
  <testcase name="testRegistration" time="21.107" classname="com.romanceabroad.ui.MainPageTests"/>
  <system-out/>
</testsuite> <!-- com.romanceabroad.ui.MainPageTests -->
