<?xml version="1.0" encoding="UTF-8"?>
<!-- Generated by org.testng.reporters.JUnitReportReporter -->
<testsuite skipped="1" hostname="MSI" name="com.romanceabroad.ui.PrettyWomenTests" tests="7" failures="0" timestamp="2021-04-07T13:55:50 GMT-05:00" time="82.439" errors="0">
  <testcase name="prettyWomenPageTestCase1" time="13.581" classname="com.romanceabroad.ui.PrettyWomenTests"/>
  <system-out/>
  <testcase name="prettyWomenWebPageCase2" time="13.460" classname="com.romanceabroad.ui.PrettyWomenTests"/>
  <system-out/>
  <testcase name="searchDifferentResults4" time="13.471" classname="com.romanceabroad.ui.PrettyWomenTests"/>
  <system-out/>
  <testcase name="searchDifferentResults4" time="13.830" classname="com.romanceabroad.ui.PrettyWomenTests"/>
  <system-out/>
  <testcase name="searchDifferentResults4" time="14.131" classname="com.romanceabroad.ui.PrettyWomenTests"/>
  <system-out/>
  <testcase name="searchDifferentResults4" time="13.966" classname="com.romanceabroad.ui.PrettyWomenTests"/>
  <system-out/>
  <testcase name="selectRandomDropDownListCase3" classname="com.romanceabroad.ui.PrettyWomenTests">
    <skipped/>
  </testcase> <!-- selectRandomDropDownListCase3 -->
  <system-out/>
</testsuite> <!-- com.romanceabroad.ui.PrettyWomenTests -->
