<?xml version="1.0" encoding="UTF-8"?>
<!-- Generated by org.testng.reporters.JUnitReportReporter -->
<testsuite skipped="0" hostname="MSI" name="com.romanceabroad.ui.BlogTest" tests="1" failures="0" timestamp="2021-04-07T13:55:50 GMT-05:00" time="17.975" errors="0">
  <testcase name="testBlog" time="17.975" classname="com.romanceabroad.ui.BlogTest"/>
  <system-out/>
</testsuite> <!-- com.romanceabroad.ui.BlogTest -->
