<?xml version="1.0" encoding="UTF-8"?>
<!-- Generated by org.testng.reporters.JUnitReportReporter -->
<testsuite skipped="0" hostname="MSI" name="com.romanceabroad.ui.PhotosTests" tests="2" failures="0" timestamp="2021-04-07T13:55:50 GMT-05:00" time="43.596" errors="0">
  <testcase name="testMediaPage" time="18.718" classname="com.romanceabroad.ui.PhotosTests"/>
  <system-out/>
  <testcase name="testGalleriesTabs" time="24.878" classname="com.romanceabroad.ui.PhotosTests"/>
  <system-out/>
</testsuite> <!-- com.romanceabroad.ui.PhotosTests -->
