<?xml version="1.0" encoding="UTF-8"?>
<!-- Generated by org.testng.reporters.JUnitReportReporter -->
<testsuite skipped="0" hostname="MSI" name="com.romanceabroad.ui.ContactUsTest" tests="1" failures="0" timestamp="2021-04-07T13:55:50 GMT-05:00" time="18.062" errors="0">
  <testcase name="testContactUsPage" time="18.062" classname="com.romanceabroad.ui.ContactUsTest"/>
  <system-out/>
</testsuite> <!-- com.romanceabroad.ui.ContactUsTest -->
