<?xml version="1.0" encoding="UTF-8"?>
<!-- Generated by org.testng.reporters.JUnitReportReporter -->
<testsuite hostname="MSI" failures="0" tests="5" name="com.romanceabroad.ui.MainPageTests" time="498.423" errors="0" timestamp="2021-04-02T14:24:37 GMT-05:00" skipped="0">
  <testcase classname="com.romanceabroad.ui.MainPageTests" name="testRegistration" time="78.267"/>
  <system-out/>
  <testcase classname="com.romanceabroad.ui.MainPageTests" name="testRegistration" time="65.634"/>
  <system-out/>
  <testcase classname="com.romanceabroad.ui.MainPageTests" name="testRegistration" time="150.558"/>
  <system-out/>
  <testcase classname="com.romanceabroad.ui.MainPageTests" name="testRegistration2" time="125.957"/>
  <system-out/>
  <testcase classname="com.romanceabroad.ui.MainPageTests" name="testSignIn" time="78.007"/>
  <system-out/>
</testsuite> <!-- com.romanceabroad.ui.MainPageTests -->
